2023-06-20 00:39:02.127  INFO [recommendation-ms,,] 11588 --- [main] c.v.r.RecommendationApplication          : Starting RecommendationApplication using Java 18.0.2 on Vuk with PID 11588 (C:\Users\One\Desktop\F\4.godina\2. semestar\XML i web servisi\Projekat\recommendation-ms\target\classes started by Vuk in C:\Users\One\Desktop\F\4.godina\2. semestar\XML i web servisi\Projekat\recommendation-ms)
2023-06-20 00:39:02.138  INFO [recommendation-ms,,] 11588 --- [main] c.v.r.RecommendationApplication          : No active profile set, falling back to 1 default profile: "default"
2023-06-20 00:39:03.525  INFO [recommendation-ms,,] 11588 --- [main] .s.d.r.c.RepositoryConfigurationDelegate : Bootstrapping Spring Data Neo4j repositories in DEFAULT mode.
2023-06-20 00:39:03.582  INFO [recommendation-ms,,] 11588 --- [main] .s.d.r.c.RepositoryConfigurationDelegate : Finished Spring Data repository scanning in 51 ms. Found 2 Neo4j repository interfaces.
2023-06-20 00:39:04.194  INFO [recommendation-ms,,] 11588 --- [main] o.s.cloud.context.scope.GenericScope     : BeanFactory id=39821d1c-3173-3351-97b8-24756c6029e7
2023-06-20 00:39:05.622  INFO [recommendation-ms,,] 11588 --- [main] o.s.b.w.embedded.tomcat.TomcatWebServer  : Tomcat initialized with port(s): 8085 (http)
2023-06-20 00:39:05.636  INFO [recommendation-ms,,] 11588 --- [main] o.apache.catalina.core.StandardService   : Starting service [Tomcat]
2023-06-20 00:39:05.637  INFO [recommendation-ms,,] 11588 --- [main] org.apache.catalina.core.StandardEngine  : Starting Servlet engine: [Apache Tomcat/9.0.60]
2023-06-20 00:39:05.965  INFO [recommendation-ms,,] 11588 --- [main] o.a.c.c.C.[Tomcat].[localhost].[/]       : Initializing Spring embedded WebApplicationContext
2023-06-20 00:39:05.965  INFO [recommendation-ms,,] 11588 --- [main] w.s.c.ServletWebServerApplicationContext : Root WebApplicationContext: initialization completed in 3755 ms
2023-06-20 00:39:09.058  INFO [recommendation-ms,,] 11588 --- [main] org.neo4j.driver.internal.DriverFactory  : Direct driver instance 757386713 created for server address localhost:7687
2023-06-20 00:39:11.827  INFO [recommendation-ms,,] 11588 --- [main] o.s.b.a.e.web.EndpointLinksResolver      : Exposing 1 endpoint(s) beneath base path '/actuator'
2023-06-20 00:39:11.918  INFO [recommendation-ms,,] 11588 --- [main] o.s.b.w.embedded.tomcat.TomcatWebServer  : Tomcat started on port(s): 8085 (http) with context path ''
2023-06-20 00:39:12.337  INFO [recommendation-ms,,] 11588 --- [main] n.d.b.g.s.s.AbstractGrpcServerFactory    : Registered gRPC service: com.vima.gateway.RecommendationService, bean: recommendationGrpcService, class: com.vima.recommendation.grpc_service.RecommendationGrpcService
2023-06-20 00:39:12.597  INFO [recommendation-ms,,] 11588 --- [main] n.d.b.g.s.s.GrpcServerLifecycle          : gRPC Server started, listening on address: *, port: 9095
2023-06-20 00:39:12.631  INFO [recommendation-ms,,] 11588 --- [main] c.v.r.RecommendationApplication          : Started RecommendationApplication in 12.042 seconds (JVM running for 12.892)
2023-06-20 00:39:16.031  INFO [recommendation-ms,,] 11588 --- [Thread-2] o.s.c.s.a.z.ZipkinAutoConfiguration      : Flushing remaining spans on shutdown
2023-06-20 00:39:16.036  INFO [recommendation-ms,,] 11588 --- [SpringApplicationShutdownHook] n.d.b.g.s.s.GrpcServerLifecycle          : gRPC server shutdown.
2023-06-20 00:39:16.097  INFO [recommendation-ms,,] 11588 --- [SpringApplicationShutdownHook] o.neo4j.driver.internal.InternalDriver   : Closing driver instance 757386713
2023-06-20 02:27:51.403  INFO [recommendation-ms,,] 25956 --- [main] c.v.r.RecommendationApplication          : Starting RecommendationApplication using Java 18.0.2 on Vuk with PID 25956 (C:\Users\One\Desktop\F\4.godina\2. semestar\XML i web servisi\Projekat\recommendation-ms\target\classes started by Vuk in C:\Users\One\Desktop\F\4.godina\2. semestar\XML i web servisi\Projekat\recommendation-ms)
2023-06-20 02:27:51.410  INFO [recommendation-ms,,] 25956 --- [main] c.v.r.RecommendationApplication          : No active profile set, falling back to 1 default profile: "default"
2023-06-20 02:27:54.785  INFO [recommendation-ms,,] 25956 --- [main] .s.d.r.c.RepositoryConfigurationDelegate : Bootstrapping Spring Data Neo4j repositories in DEFAULT mode.
2023-06-20 02:27:55.034  INFO [recommendation-ms,,] 25956 --- [main] .s.d.r.c.RepositoryConfigurationDelegate : Finished Spring Data repository scanning in 241 ms. Found 2 Neo4j repository interfaces.
2023-06-20 02:27:55.725  INFO [recommendation-ms,,] 25956 --- [main] o.s.cloud.context.scope.GenericScope     : BeanFactory id=39821d1c-3173-3351-97b8-24756c6029e7
2023-06-20 02:27:57.366  INFO [recommendation-ms,,] 25956 --- [main] o.s.b.w.embedded.tomcat.TomcatWebServer  : Tomcat initialized with port(s): 8085 (http)
2023-06-20 02:27:57.383  INFO [recommendation-ms,,] 25956 --- [main] o.apache.catalina.core.StandardService   : Starting service [Tomcat]
2023-06-20 02:27:57.384  INFO [recommendation-ms,,] 25956 --- [main] org.apache.catalina.core.StandardEngine  : Starting Servlet engine: [Apache Tomcat/9.0.60]
2023-06-20 02:27:57.829  INFO [recommendation-ms,,] 25956 --- [main] o.a.c.c.C.[Tomcat].[localhost].[/]       : Initializing Spring embedded WebApplicationContext
2023-06-20 02:27:57.829  INFO [recommendation-ms,,] 25956 --- [main] w.s.c.ServletWebServerApplicationContext : Root WebApplicationContext: initialization completed in 6294 ms
2023-06-20 02:28:01.847  INFO [recommendation-ms,,] 25956 --- [main] org.neo4j.driver.internal.DriverFactory  : Direct driver instance 1180105925 created for server address localhost:7687
2023-06-20 02:28:07.608  INFO [recommendation-ms,,] 25956 --- [main] o.s.b.a.e.web.EndpointLinksResolver      : Exposing 1 endpoint(s) beneath base path '/actuator'
2023-06-20 02:28:08.076  INFO [recommendation-ms,,] 25956 --- [main] o.s.b.w.embedded.tomcat.TomcatWebServer  : Tomcat started on port(s): 8085 (http) with context path ''
2023-06-20 02:28:08.785  INFO [recommendation-ms,,] 25956 --- [main] n.d.b.g.s.s.AbstractGrpcServerFactory    : Registered gRPC service: com.vima.gateway.RecommendationService, bean: recommendationGrpcService, class: com.vima.recommendation.grpc_service.RecommendationGrpcService
2023-06-20 02:28:09.404  INFO [recommendation-ms,,] 25956 --- [main] n.d.b.g.s.s.GrpcServerLifecycle          : gRPC Server started, listening on address: *, port: 9095
2023-06-20 02:28:09.448  INFO [recommendation-ms,,] 25956 --- [main] c.v.r.RecommendationApplication          : Started RecommendationApplication in 20.064 seconds (JVM running for 21.767)
2023-06-20 03:22:36.980  INFO [recommendation-ms,,] 25956 --- [Thread-2] o.s.c.s.a.z.ZipkinAutoConfiguration      : Flushing remaining spans on shutdown
2023-06-20 03:22:37.143  INFO [recommendation-ms,,] 25956 --- [SpringApplicationShutdownHook] n.d.b.g.s.s.GrpcServerLifecycle          : gRPC server shutdown.
2023-06-20 03:22:37.271  INFO [recommendation-ms,,] 25956 --- [SpringApplicationShutdownHook] o.neo4j.driver.internal.InternalDriver   : Closing driver instance 1180105925
2023-06-20 03:22:37.283  INFO [recommendation-ms,,] 25956 --- [SpringApplicationShutdownHook] o.n.d.i.async.pool.ConnectionPoolImpl    : Closing connection pool towards localhost:7687
2023-06-20 04:14:01.527  INFO [recommendation-ms,,] 21992 --- [main] c.v.r.RecommendationApplication          : Starting RecommendationApplication using Java 18.0.2 on Vuk with PID 21992 (C:\Users\One\Desktop\F\4.godina\2. semestar\XML i web servisi\Projekat\recommendation-ms\target\classes started by Vuk in C:\Users\One\Desktop\F\4.godina\2. semestar\XML i web servisi\Projekat\recommendation-ms)
2023-06-20 04:14:01.532  INFO [recommendation-ms,,] 21992 --- [main] c.v.r.RecommendationApplication          : No active profile set, falling back to 1 default profile: "default"
2023-06-20 04:14:03.279  INFO [recommendation-ms,,] 21992 --- [main] .s.d.r.c.RepositoryConfigurationDelegate : Bootstrapping Spring Data Neo4j repositories in DEFAULT mode.
2023-06-20 04:14:03.378  INFO [recommendation-ms,,] 21992 --- [main] .s.d.r.c.RepositoryConfigurationDelegate : Finished Spring Data repository scanning in 89 ms. Found 2 Neo4j repository interfaces.
2023-06-20 04:14:03.860  INFO [recommendation-ms,,] 21992 --- [main] o.s.cloud.context.scope.GenericScope     : BeanFactory id=39821d1c-3173-3351-97b8-24756c6029e7
2023-06-20 04:14:05.133  INFO [recommendation-ms,,] 21992 --- [main] o.s.b.w.embedded.tomcat.TomcatWebServer  : Tomcat initialized with port(s): 8085 (http)
2023-06-20 04:14:05.156  INFO [recommendation-ms,,] 21992 --- [main] o.apache.catalina.core.StandardService   : Starting service [Tomcat]
2023-06-20 04:14:05.156  INFO [recommendation-ms,,] 21992 --- [main] org.apache.catalina.core.StandardEngine  : Starting Servlet engine: [Apache Tomcat/9.0.60]
2023-06-20 04:14:05.524  INFO [recommendation-ms,,] 21992 --- [main] o.a.c.c.C.[Tomcat].[localhost].[/]       : Initializing Spring embedded WebApplicationContext
2023-06-20 04:14:05.525  INFO [recommendation-ms,,] 21992 --- [main] w.s.c.ServletWebServerApplicationContext : Root WebApplicationContext: initialization completed in 3921 ms
2023-06-20 04:14:07.266  INFO [recommendation-ms,,] 21992 --- [main] org.neo4j.driver.internal.DriverFactory  : Direct driver instance 1483972190 created for server address localhost:7687
2023-06-20 04:14:10.320  INFO [recommendation-ms,,] 21992 --- [main] o.s.b.a.e.web.EndpointLinksResolver      : Exposing 1 endpoint(s) beneath base path '/actuator'
2023-06-20 04:14:10.397  INFO [recommendation-ms,,] 21992 --- [main] o.s.b.w.embedded.tomcat.TomcatWebServer  : Tomcat started on port(s): 8085 (http) with context path ''
2023-06-20 04:14:10.799  INFO [recommendation-ms,,] 21992 --- [main] n.d.b.g.s.s.AbstractGrpcServerFactory    : Registered gRPC service: com.vima.gateway.RecommendationService, bean: recommendationGrpcService, class: com.vima.recommendation.grpc_service.RecommendationGrpcService
2023-06-20 04:14:11.103  INFO [recommendation-ms,,] 21992 --- [main] n.d.b.g.s.s.GrpcServerLifecycle          : gRPC Server started, listening on address: *, port: 9095
2023-06-20 04:14:11.188  INFO [recommendation-ms,,] 21992 --- [main] c.v.r.RecommendationApplication          : Started RecommendationApplication in 10.71 seconds (JVM running for 11.54)
2023-06-20 04:33:15.638  INFO [recommendation-ms,,] 21992 --- [Thread-2] o.s.c.s.a.z.ZipkinAutoConfiguration      : Flushing remaining spans on shutdown
2023-06-20 04:33:15.718  INFO [recommendation-ms,,] 21992 --- [SpringApplicationShutdownHook] n.d.b.g.s.s.GrpcServerLifecycle          : gRPC server shutdown.
